<?xml version="1.0" encoding="UTF-8"?>
<!-- Generated by org.testng.reporters.JUnitReportReporter -->
<testsuite skipped="0" hostname="DELL-PC" name="testscripts.NewTest" tests="1" failures="0" timestamp="28 May 2020 03:12:31 GMT" time="0.002" errors="0">
  <testcase name="f" time="0.002" classname="testscripts.NewTest"/>
</testsuite> <!-- testscripts.NewTest -->
